<?xml version="1.0" encoding="UTF-8"?>
<!-- Generated by org.testng.reporters.JUnitReportReporter -->
<testsuite skipped="0" hostname="harisha" name="com.mytests.restapis.get.GetUsersTest" tests="1" failures="0" timestamp="2019-10-20T01:18:31 PDT" time="0.196" errors="0">
  <testcase name="getListOfUsersTest" time="0.196" classname="com.mytests.restapis.get.GetUsersTest"/>
</testsuite> <!-- com.mytests.restapis.get.GetUsersTest -->
